INFO:  ANSI Code Page: 1252
INFO:  latexindent.exe version 3.24.2, 2024-06-15, a script to indent .tex files
       latexindent.exe lives here: B:/Programas/Programming/LaTeX/texlive/2024/bin/windows/
       Mon Jul 21 00:58:23 2025
       Filename: b:/GitHub/UFMG/asthma_microarray/LaTeX/__latexindent_temp_asthma_microarray.tex
INFO:  Processing switches:
       -y|--yaml: YAML settings specified via command line
       -c|--cruft: cruft directory
INFO:  Directory for backup files and log file b:\GitHub\UFMG\asthma_microarray\LaTeX\tex\indent.log:
       b:\GitHub\UFMG\asthma_microarray\LaTeX\tex\
INFO:  YAML settings read: defaultSettings.yaml
       Reading defaultSettings.yaml from B:/Programas/Programming/LaTeX/texlive/2024/bin/windows/defaultSettings.yaml
       Reading defaultSettings.yaml (2nd attempt) from B:/Programas/Programming/LaTeX/texlive/2024/bin/windows/../../texmf-dist/scripts/latexindent/defaultSettings.yaml
       and then, if necessary, B:/Programas/Programming/LaTeX/texlive/2024/bin/windows/LatexIndent/defaultSettings.yaml
INFO:  YAML reading settings
       Home directory is C:\Users\joaov
       latexindent.pl didn't find indentconfig.yaml or .indentconfig.yaml
       see all possible locations: https://latexindentpl.readthedocs.io/en/latest/sec-appendices.html#indentconfig-options)
INFO:  YAML settings read: -y switch
       YAML setting: defaultIndent:'  '
       single-quoted string found in -y switch: '  ', substitute to   
       Updating mainSettings with defaultIndent:   
INFO:  Phase 1: searching for objects
INFO:  Phase 2: finding surrounding indentation
INFO:  Phase 3: indenting objects
INFO:  Phase 4: final indentation check
INFO:  Output routine:
       Not outputting to file; see -w and -o switches for more options.
       --------------
INFO:  Please direct all communication/issues to:
        https://github.com/cmhughes/latexindent.pl
